2026-03-03T19:59:56.5345460Z Current runner version: '2.331.0'
2026-03-03T19:59:56.5380279Z ##[group]Runner Image Provisioner
2026-03-03T19:59:56.5381467Z Hosted Compute Agent
2026-03-03T19:59:56.5382443Z Version: 20260213.493
2026-03-03T19:59:56.5383410Z Commit: 5c115507f6dd24b8de37d8bbe0bb4509d0cc0fa3
2026-03-03T19:59:56.5384791Z Build Date: 2026-02-13T00:28:41Z
2026-03-03T19:59:56.5385931Z Worker ID: {1a82d412-fa96-4167-86fc-22869bc8a0cb}
2026-03-03T19:59:56.5387163Z Azure Region: eastus2
2026-03-03T19:59:56.5388152Z ##[endgroup]
2026-03-03T19:59:56.5390734Z ##[group]Operating System
2026-03-03T19:59:56.5391735Z Ubuntu
2026-03-03T19:59:56.5392635Z 24.04.3
2026-03-03T19:59:56.5393562Z LTS
2026-03-03T19:59:56.5394306Z ##[endgroup]
2026-03-03T19:59:56.5395299Z ##[group]Runner Image
2026-03-03T19:59:56.5396138Z Image: ubuntu-24.04
2026-03-03T19:59:56.5397034Z Version: 20260224.36.1
2026-03-03T19:59:56.5399196Z Included Software: https://github.com/actions/runner-images/blob/ubuntu24/20260224.36/images/ubuntu/Ubuntu2404-Readme.md
2026-03-03T19:59:56.5401979Z Image Release: https://github.com/actions/runner-images/releases/tag/ubuntu24%2F20260224.36
2026-03-03T19:59:56.5403548Z ##[endgroup]
2026-03-03T19:59:56.5405535Z ##[group]GITHUB_TOKEN Permissions
2026-03-03T19:59:56.5408492Z Contents: read
2026-03-03T19:59:56.5409606Z Metadata: read
2026-03-03T19:59:56.5410311Z Pages: write
2026-03-03T19:59:56.5411268Z ##[endgroup]
2026-03-03T19:59:56.5414383Z Secret source: Actions
2026-03-03T19:59:56.5415926Z Prepare workflow directory
2026-03-03T19:59:56.5870112Z Prepare all required actions
2026-03-03T19:59:56.5926029Z Getting action download info
2026-03-03T19:59:56.9625111Z Download action repository 'actions/checkout@v4' (SHA:34e114876b0b11c390a56381ad16ebd13914f8d5)
2026-03-03T19:59:57.1197489Z Download action repository 'actions/setup-node@v4' (SHA:49933ea5288caeca8642d1e84afbd3f7d6820020)
2026-03-03T19:59:57.2167602Z Download action repository 'actions/upload-pages-artifact@v3' (SHA:56afc609e74202658d3ffba0e8f6dda462b719fa)
2026-03-03T19:59:57.5358733Z Getting action download info
2026-03-03T19:59:57.6758507Z Download action repository 'actions/upload-artifact@v4' (SHA:ea165f8d65b6e75b540449e92b4886f43607fa02)
2026-03-03T19:59:57.8258749Z Complete job name: build
2026-03-03T19:59:57.9078340Z ##[group]Run actions/checkout@v4
2026-03-03T19:59:57.9079936Z with:
2026-03-03T19:59:57.9080827Z   repository: flaviocom/escala-irmaos-2026-mar-v2
2026-03-03T19:59:57.9082248Z   token: ***
2026-03-03T19:59:57.9083006Z   ssh-strict: true
2026-03-03T19:59:57.9083781Z   ssh-user: git
2026-03-03T19:59:57.9084590Z   persist-credentials: true
2026-03-03T19:59:57.9085478Z   clean: true
2026-03-03T19:59:57.9086284Z   sparse-checkout-cone-mode: true
2026-03-03T19:59:57.9087254Z   fetch-depth: 1
2026-03-03T19:59:57.9088028Z   fetch-tags: false
2026-03-03T19:59:57.9088825Z   show-progress: true
2026-03-03T19:59:57.9089821Z   lfs: false
2026-03-03T19:59:57.9090558Z   submodules: false
2026-03-03T19:59:57.9091379Z   set-safe-directory: true
2026-03-03T19:59:57.9092647Z ##[endgroup]
2026-03-03T19:59:58.0206020Z Syncing repository: flaviocom/escala-irmaos-2026-mar-v2
2026-03-03T19:59:58.0208646Z ##[group]Getting Git version info
2026-03-03T19:59:58.0210733Z Working directory is '/home/runner/work/escala-irmaos-2026-mar-v2/escala-irmaos-2026-mar-v2'
2026-03-03T19:59:58.0212962Z [command]/usr/bin/git version
2026-03-03T19:59:58.0295590Z git version 2.53.0
2026-03-03T19:59:58.0322498Z ##[endgroup]
2026-03-03T19:59:58.0344368Z Temporarily overriding HOME='/home/runner/work/_temp/861cb62f-af8f-42f7-806e-8f3f790090c7' before making global git config changes
2026-03-03T19:59:58.0347143Z Adding repository directory to the temporary git global config as a safe directory
2026-03-03T19:59:58.0350819Z [command]/usr/bin/git config --global --add safe.directory /home/runner/work/escala-irmaos-2026-mar-v2/escala-irmaos-2026-mar-v2
2026-03-03T19:59:58.0391374Z Deleting the contents of '/home/runner/work/escala-irmaos-2026-mar-v2/escala-irmaos-2026-mar-v2'
2026-03-03T19:59:58.0394300Z ##[group]Initializing the repository
2026-03-03T19:59:58.0399966Z [command]/usr/bin/git init /home/runner/work/escala-irmaos-2026-mar-v2/escala-irmaos-2026-mar-v2
2026-03-03T19:59:58.0532376Z hint: Using 'master' as the name for the initial branch. This default branch name
2026-03-03T19:59:58.0535003Z hint: will change to "main" in Git 3.0. To configure the initial branch name
2026-03-03T19:59:58.0537889Z hint: to use in all of your new repositories, which will suppress this warning,
2026-03-03T19:59:58.0540786Z hint: call:
2026-03-03T19:59:58.0542063Z hint:
2026-03-03T19:59:58.0543618Z hint: 	git config --global init.defaultBranch <name>
2026-03-03T19:59:58.0545498Z hint:
2026-03-03T19:59:58.0547350Z hint: Names commonly chosen instead of 'master' are 'main', 'trunk' and
2026-03-03T19:59:58.0550668Z hint: 'development'. The just-created branch can be renamed via this command:
2026-03-03T19:59:58.0553084Z hint:
2026-03-03T19:59:58.0554237Z hint: 	git branch -m <name>
2026-03-03T19:59:58.0555769Z hint:
2026-03-03T19:59:58.0557291Z hint: Disable this message with "git config set advice.defaultBranchName false"
2026-03-03T19:59:58.0559908Z Initialized empty Git repository in /home/runner/work/escala-irmaos-2026-mar-v2/escala-irmaos-2026-mar-v2/.git/
2026-03-03T19:59:58.0565217Z [command]/usr/bin/git remote add origin https://github.com/flaviocom/escala-irmaos-2026-mar-v2
2026-03-03T19:59:58.0587479Z ##[endgroup]
2026-03-03T19:59:58.0590007Z ##[group]Disabling automatic garbage collection
2026-03-03T19:59:58.0592152Z [command]/usr/bin/git config --local gc.auto 0
2026-03-03T19:59:58.0623368Z ##[endgroup]
2026-03-03T19:59:58.0625606Z ##[group]Setting up auth
2026-03-03T19:59:58.0631633Z [command]/usr/bin/git config --local --name-only --get-regexp core\.sshCommand
2026-03-03T19:59:58.0666260Z [command]/usr/bin/git submodule foreach --recursive sh -c "git config --local --name-only --get-regexp 'core\.sshCommand' && git config --local --unset-all 'core.sshCommand' || :"
2026-03-03T19:59:58.1034623Z [command]/usr/bin/git config --local --name-only --get-regexp http\.https\:\/\/github\.com\/\.extraheader
2026-03-03T19:59:58.1068583Z [command]/usr/bin/git submodule foreach --recursive sh -c "git config --local --name-only --get-regexp 'http\.https\:\/\/github\.com\/\.extraheader' && git config --local --unset-all 'http.https://github.com/.extraheader' || :"
2026-03-03T19:59:58.1300800Z [command]/usr/bin/git config --local --name-only --get-regexp ^includeIf\.gitdir:
2026-03-03T19:59:58.1340093Z [command]/usr/bin/git submodule foreach --recursive git config --local --show-origin --name-only --get-regexp remote.origin.url
2026-03-03T19:59:58.1579609Z [command]/usr/bin/git config --local http.https://github.com/.extraheader AUTHORIZATION: basic ***
2026-03-03T19:59:58.1616344Z ##[endgroup]
2026-03-03T19:59:58.1618647Z ##[group]Fetching the repository
2026-03-03T19:59:58.1627471Z [command]/usr/bin/git -c protocol.version=2 fetch --no-tags --prune --no-recurse-submodules --depth=1 origin +f96af81a787c7d2cf0aea4adeb178f4458bc5823:refs/remotes/origin/main
2026-03-03T19:59:58.5415175Z From https://github.com/flaviocom/escala-irmaos-2026-mar-v2
2026-03-03T19:59:58.5419521Z  * [new ref]         f96af81a787c7d2cf0aea4adeb178f4458bc5823 -> origin/main
2026-03-03T19:59:58.5456191Z ##[endgroup]
2026-03-03T19:59:58.5458411Z ##[group]Determining the checkout info
2026-03-03T19:59:58.5461181Z ##[endgroup]
2026-03-03T19:59:58.5463214Z [command]/usr/bin/git sparse-checkout disable
2026-03-03T19:59:58.5510202Z [command]/usr/bin/git config --local --unset-all extensions.worktreeConfig
2026-03-03T19:59:58.5540706Z ##[group]Checking out the ref
2026-03-03T19:59:58.5544046Z [command]/usr/bin/git checkout --progress --force -B main refs/remotes/origin/main
2026-03-03T19:59:58.5800245Z Switched to a new branch 'main'
2026-03-03T19:59:58.5802953Z branch 'main' set up to track 'origin/main'.
2026-03-03T19:59:58.5813043Z ##[endgroup]
2026-03-03T19:59:58.5857930Z [command]/usr/bin/git log -1 --format=%H
2026-03-03T19:59:58.5882310Z f96af81a787c7d2cf0aea4adeb178f4458bc5823
2026-03-03T19:59:58.6205196Z ##[group]Run actions/setup-node@v4
2026-03-03T19:59:58.6206188Z with:
2026-03-03T19:59:58.6206901Z   node-version: 20
2026-03-03T19:59:58.6207667Z   cache: npm
2026-03-03T19:59:58.6208409Z   always-auth: false
2026-03-03T19:59:58.6209527Z   check-latest: false
2026-03-03T19:59:58.6210549Z   token: ***
2026-03-03T19:59:58.6211223Z ##[endgroup]
2026-03-03T19:59:58.7997059Z Found in cache @ /opt/hostedtoolcache/node/20.20.0/x64
2026-03-03T19:59:58.8003023Z ##[group]Environment details
2026-03-03T19:59:59.1694753Z node: v20.20.0
2026-03-03T19:59:59.1696102Z npm: 10.8.2
2026-03-03T19:59:59.1697248Z yarn: 1.22.22
2026-03-03T19:59:59.1699760Z ##[endgroup]
2026-03-03T19:59:59.1720411Z [command]/opt/hostedtoolcache/node/20.20.0/x64/bin/npm config get cache
2026-03-03T19:59:59.2897426Z /home/runner/.npm
2026-03-03T19:59:59.3909541Z Cache hit for: node-cache-Linux-x64-npm-772bf46a9c84bd551064a325550ad01592e8d04c42fad95595e47cacd4823da5
2026-03-03T19:59:59.7458422Z Received 49111329 of 49111329 (100.0%), 147.3 MBs/sec
2026-03-03T19:59:59.7459559Z Cache Size: ~47 MB (49111329 B)
2026-03-03T19:59:59.7488601Z [command]/usr/bin/tar -xf /home/runner/work/_temp/cd009813-1bd3-484d-9871-9c33b16703b3/cache.tzst -P -C /home/runner/work/escala-irmaos-2026-mar-v2/escala-irmaos-2026-mar-v2 --use-compress-program unzstd
2026-03-03T19:59:59.8710382Z Cache restored successfully
2026-03-03T19:59:59.8832004Z Cache restored from key: node-cache-Linux-x64-npm-772bf46a9c84bd551064a325550ad01592e8d04c42fad95595e47cacd4823da5
2026-03-03T19:59:59.9077737Z ##[group]Run npm ci
2026-03-03T19:59:59.9078137Z [36;1mnpm ci[0m
2026-03-03T19:59:59.9142481Z shell: /usr/bin/bash -e {0}
2026-03-03T19:59:59.9142832Z ##[endgroup]
2026-03-03T20:00:00.8321556Z npm error code EUSAGE
2026-03-03T20:00:00.8322306Z npm error
2026-03-03T20:00:00.8324137Z npm error `npm ci` can only install packages when your package.json and package-lock.json or npm-shrinkwrap.json are in sync. Please update your lock file with `npm install` before continuing.
2026-03-03T20:00:00.8325646Z npm error
2026-03-03T20:00:00.8326302Z npm error Missing: html-to-image@1.11.13 from lock file
2026-03-03T20:00:00.8326950Z npm error
2026-03-03T20:00:00.8327467Z npm error Clean install a project
2026-03-03T20:00:00.8327986Z npm error
2026-03-03T20:00:00.8328362Z npm error Usage:
2026-03-03T20:00:00.8328761Z npm error npm ci
2026-03-03T20:00:00.8329381Z npm error
2026-03-03T20:00:00.8329767Z npm error Options:
2026-03-03T20:00:00.8330741Z npm error [--install-strategy <hoisted|nested|shallow|linked>] [--legacy-bundling]
2026-03-03T20:00:00.8332271Z npm error [--global-style] [--omit <dev|optional|peer> [--omit <dev|optional|peer> ...]]
2026-03-03T20:00:00.8333640Z npm error [--include <prod|dev|optional|peer> [--include <prod|dev|optional|peer> ...]]
2026-03-03T20:00:00.8334670Z npm error [--strict-peer-deps] [--foreground-scripts] [--ignore-scripts] [--no-audit]
2026-03-03T20:00:00.8335478Z npm error [--no-bin-links] [--no-fund] [--dry-run]
2026-03-03T20:00:00.8336264Z npm error [-w|--workspace <workspace-name> [-w|--workspace <workspace-name> ...]]
2026-03-03T20:00:00.8337182Z npm error [-ws|--workspaces] [--include-workspace-root] [--install-links]
2026-03-03T20:00:00.8337750Z npm error
2026-03-03T20:00:00.8338307Z npm error aliases: clean-install, ic, install-clean, isntall-clean
2026-03-03T20:00:00.8338814Z npm error
2026-03-03T20:00:00.8339457Z npm error Run "npm help ci" for more info
2026-03-03T20:00:00.8340428Z npm error A complete log of this run can be found in: /home/runner/.npm/_logs/2026-03-03T19_59_59_982Z-debug-0.log
2026-03-03T20:00:00.8404645Z ##[error]Process completed with exit code 1.
2026-03-03T20:00:00.8521958Z Post job cleanup.
2026-03-03T20:00:00.9484178Z [command]/usr/bin/git version
2026-03-03T20:00:00.9521864Z git version 2.53.0
2026-03-03T20:00:00.9566851Z Temporarily overriding HOME='/home/runner/work/_temp/63f68aec-6d8f-447c-8829-4162e25eea01' before making global git config changes
2026-03-03T20:00:00.9568463Z Adding repository directory to the temporary git global config as a safe directory
2026-03-03T20:00:00.9581967Z [command]/usr/bin/git config --global --add safe.directory /home/runner/work/escala-irmaos-2026-mar-v2/escala-irmaos-2026-mar-v2
2026-03-03T20:00:00.9617946Z [command]/usr/bin/git config --local --name-only --get-regexp core\.sshCommand
2026-03-03T20:00:00.9652277Z [command]/usr/bin/git submodule foreach --recursive sh -c "git config --local --name-only --get-regexp 'core\.sshCommand' && git config --local --unset-all 'core.sshCommand' || :"
2026-03-03T20:00:00.9893950Z [command]/usr/bin/git config --local --name-only --get-regexp http\.https\:\/\/github\.com\/\.extraheader
2026-03-03T20:00:00.9915968Z http.https://github.com/.extraheader
2026-03-03T20:00:00.9929477Z [command]/usr/bin/git config --local --unset-all http.https://github.com/.extraheader
2026-03-03T20:00:00.9962287Z [command]/usr/bin/git submodule foreach --recursive sh -c "git config --local --name-only --get-regexp 'http\.https\:\/\/github\.com\/\.extraheader' && git config --local --unset-all 'http.https://github.com/.extraheader' || :"
2026-03-03T20:00:01.0196809Z [command]/usr/bin/git config --local --name-only --get-regexp ^includeIf\.gitdir:
2026-03-03T20:00:01.0233029Z [command]/usr/bin/git submodule foreach --recursive git config --local --show-origin --name-only --get-regexp remote.origin.url
2026-03-03T20:00:01.0584815Z Cleaning up orphan processes
